<?xml version='1.0' encoding='UTF-8'?>
<testsuite hostname="DESKTOP-UAAH6HM" name="HweTest" tests="1" errors="1" failures="0" skipped="0" time="0.021" timestamp="2022-11-27T23:25:24">
                     <properties>
[...]
</properties>
                     <testcase classname="HweTest" name="(It is not a test it is a sbt.testing.SuiteSelector)" time="0.021">
                                                 <error message="Expected exception hw4.MiniCInterpreter$UndefinedSemantics to be thrown, but java.util.NoSuchElementException was thrown" type="org.scalatest.exceptions.TestFailedException">org.scalatest.exceptions.TestFailedException: Expected exception hw4.MiniCInterpreter$UndefinedSemantics to be thrown, but java.util.NoSuchElementException was thrown
	at org.scalatest.Assertions.newAssertionFailedException(Assertions.scala:472)
	at org.scalatest.Assertions.newAssertionFailedException$(Assertions.scala:471)
	at org.scalatest.funsuite.AnyFunSuite.newAssertionFailedException(AnyFunSuite.scala:1562)
	at org.scalatest.Assertions.assertThrows(Assertions.scala:815)
	at org.scalatest.Assertions.assertThrows$(Assertions.scala:804)
	at org.scalatest.funsuite.AnyFunSuite.assertThrows(AnyFunSuite.scala:1562)
	at HweTest.$anonfun$new$5(Hw4Test.scala:149)
	at scala.collection.immutable.List.map(List.scala:246)
	at HweTest.&lt;init&gt;(Hw4Test.scala:148)
	at java.base/jdk.internal.reflect.NativeConstructorAccessorImpl.newInstance0(Native Method)
	at java.base/jdk.internal.reflect.NativeConstructorAccessorImpl.newInstance(NativeConstructorAccessorImpl.java:62)
	at java.base/jdk.internal.reflect.DelegatingConstructorAccessorImpl.newInstance(DelegatingConstructorAccessorImpl.java:45)
	at java.base/java.lang.reflect.Constructor.newInstance(Constructor.java:490)
	at java.base/java.lang.Class.newInstance(Class.java:584)
	at org.scalatest.tools.Framework$ScalaTestTask.execute(Framework.scala:450)
	at sbt.TestRunner.runTest$1(TestFramework.scala:139)
	at sbt.TestRunner.run(TestFramework.scala:154)
	at sbt.TestFramework$$anon$3$$anonfun$$lessinit$greater$1.$anonfun$apply$1(TestFramework.scala:317)
	at sbt.TestFramework$.sbt$TestFramework$$withContextLoader(TestFramework.scala:277)
	at sbt.TestFramework$$anon$3$$anonfun$$lessinit$greater$1.apply(TestFramework.scala:317)
	at sbt.TestFramework$$anon$3$$anonfun$$lessinit$greater$1.apply(TestFramework.scala:317)
	at sbt.TestFunction.apply(TestFramework.scala:329)
	at sbt.Tests$.$anonfun$toTask$1(Tests.scala:311)
	at sbt.std.Transform$$anon$3.$anonfun$apply$2(Transform.scala:46)
	at sbt.std.Transform$$anon$4.work(Transform.scala:67)
	at sbt.Execute.$anonfun$submit$2(Execute.scala:281)
	at sbt.internal.util.ErrorHandling$.wideConvert(ErrorHandling.scala:19)
	at sbt.Execute.work(Execute.scala:290)
	at sbt.Execute.$anonfun$submit$1(Execute.scala:281)
	at sbt.ConcurrentRestrictions$$anon$4.$anonfun$submitValid$1(ConcurrentRestrictions.scala:178)
	at sbt.CompletionService$$anon$2.call(CompletionService.scala:37)
	at java.base/java.util.concurrent.FutureTask.run(FutureTask.java:264)
	at java.base/java.util.concurrent.Executors$RunnableAdapter.call(Executors.java:515)
	at java.base/java.util.concurrent.FutureTask.run(FutureTask.java:264)
	at java.base/java.util.concurrent.ThreadPoolExecutor.runWorker(ThreadPoolExecutor.java:1128)
	at java.base/java.util.concurrent.ThreadPoolExecutor$Worker.run(ThreadPoolExecutor.java:628)
	at java.base/java.lang.Thread.run(Thread.java:829)
Caused by: java.util.NoSuchElementException
	at scala.collection.immutable.BitmapIndexedMapNode.apply(HashMap.scala:635)
	at scala.collection.immutable.HashMap.apply(HashMap.scala:132)
	at hw4.MiniCInterpreter$.eval(Hw4.scala:137)
	at hw4.MiniCInterpreter$.apply(Hw4.scala:366)
	at HweTest.$anonfun$new$6(Hw4Test.scala:151)
	at org.scalatest.Assertions.assertThrows(Assertions.scala:808)
	... 33 more
</error>
                                               </testcase>
                     <system-out><![CDATA[]]></system-out>
                     <system-err><![CDATA[]]></system-err>
                   </testsuite>